<?xml version="1.0" encoding="UTF-8"?>
<testng-results skipped="0" failed="0" ignored="0" total="2" passed="2">
  <reporter-output>
  </reporter-output>
  <suite name="Default suite" duration-ms="2468" started-at="2022-01-04T21:07:00 CST" finished-at="2022-01-04T21:07:02 CST">
    <groups>
    </groups>
    <test name="Default test" duration-ms="2468" started-at="2022-01-04T21:07:00 CST" finished-at="2022-01-04T21:07:02 CST">
      <class name="RestAPITest.GetUserStatic">
        <test-method status="PASS" signature="getRequestExample()[pri:0, instance:RestAPITest.GetUserStatic@e320068]" name="getRequestExample" duration-ms="1712" started-at="2022-01-04T21:07:00 CST" finished-at="2022-01-04T21:07:01 CST">
          <reporter-output>
          </reporter-output>
        </test-method> <!-- getRequestExample -->
        <test-method status="PASS" signature="getWithGiven()[pri:0, instance:RestAPITest.GetUserStatic@e320068]" name="getWithGiven" duration-ms="727" started-at="2022-01-04T21:07:01 CST" finished-at="2022-01-04T21:07:02 CST">
          <reporter-output>
          </reporter-output>
        </test-method> <!-- getWithGiven -->
      </class> <!-- RestAPITest.GetUserStatic -->
    </test> <!-- Default test -->
  </suite> <!-- Default suite -->
</testng-results>
